<?xml version="1.0" encoding="UTF-8"?>
<coverage generated="1566609239188" clover="3.2.0">
  <project timestamp="1566609239188" name="All files">
    <metrics statements="19" coveredstatements="19" conditionals="4" coveredconditionals="4" methods="13" coveredmethods="13" elements="36" coveredelements="36" complexity="0" loc="19" ncloc="19" packages="1" files="3" classes="3"/>
    <file name="Football.js" path="/Users/stevencao/code/shopping_cart/src/Football.js">
      <metrics statements="1" coveredstatements="1" conditionals="0" coveredconditionals="0" methods="1" coveredmethods="1"/>
      <line num="5" count="2" type="stmt"/>
    </file>
    <file name="Product.js" path="/Users/stevencao/code/shopping_cart/src/Product.js">
      <metrics statements="2" coveredstatements="2" conditionals="0" coveredconditionals="0" methods="1" coveredmethods="1"/>
      <line num="3" count="2" type="stmt"/>
      <line num="4" count="2" type="stmt"/>
    </file>
    <file name="ShoppingCart.js" path="/Users/stevencao/code/shopping_cart/src/ShoppingCart.js">
      <metrics statements="16" coveredstatements="16" conditionals="4" coveredconditionals="4" methods="11" coveredmethods="11"/>
      <line num="3" count="2" type="stmt"/>
      <line num="7" count="3" type="cond" truecount="2" falsecount="0"/>
      <line num="8" count="1" type="stmt"/>
      <line num="10" count="2" type="stmt"/>
      <line num="15" count="6" type="stmt"/>
      <line num="17" count="4" type="cond" truecount="2" falsecount="0"/>
      <line num="23" count="3" type="stmt"/>
      <line num="27" count="2" type="stmt"/>
      <line num="32" count="2" type="stmt"/>
      <line num="36" count="1" type="stmt"/>
      <line num="37" count="1" type="stmt"/>
      <line num="41" count="2" type="stmt"/>
      <line num="42" count="2" type="stmt"/>
      <line num="44" count="2" type="stmt"/>
      <line num="48" count="2" type="stmt"/>
      <line num="52" count="2" type="stmt"/>
    </file>
  </project>
</coverage>
