<?xml version="1.0" encoding="UTF-8"?>
<coverage generated="1566609524166" clover="3.2.0">
  <project timestamp="1566609524166" name="All files">
    <metrics statements="27" coveredstatements="27" conditionals="4" coveredconditionals="4" methods="18" coveredmethods="18" elements="49" coveredelements="49" complexity="0" loc="27" ncloc="27" packages="1" files="4" classes="4"/>
    <file name="Football.js" path="/Users/stevencao/code/shopping_cart/src/Football.js">
      <metrics statements="1" coveredstatements="1" conditionals="0" coveredconditionals="0" methods="1" coveredmethods="1"/>
      <line num="5" count="3" type="stmt"/>
    </file>
    <file name="Product.js" path="/Users/stevencao/code/shopping_cart/src/Product.js">
      <metrics statements="2" coveredstatements="2" conditionals="0" coveredconditionals="0" methods="1" coveredmethods="1"/>
      <line num="3" count="4" type="stmt"/>
      <line num="4" count="4" type="stmt"/>
    </file>
    <file name="Robotics.js" path="/Users/stevencao/code/shopping_cart/src/Robotics.js">
      <metrics statements="1" coveredstatements="1" conditionals="0" coveredconditionals="0" methods="1" coveredmethods="1"/>
      <line num="5" count="1" type="stmt"/>
    </file>
    <file name="ShoppingCart.js" path="/Users/stevencao/code/shopping_cart/src/ShoppingCart.js">
      <metrics statements="23" coveredstatements="23" conditionals="4" coveredconditionals="4" methods="15" coveredmethods="15"/>
      <line num="3" count="3" type="stmt"/>
      <line num="4" count="3" type="stmt"/>
      <line num="8" count="5" type="cond" truecount="2" falsecount="0"/>
      <line num="9" count="1" type="stmt"/>
      <line num="11" count="4" type="stmt"/>
      <line num="16" count="10" type="stmt"/>
      <line num="18" count="8" type="cond" truecount="2" falsecount="0"/>
      <line num="24" count="5" type="stmt"/>
      <line num="28" count="4" type="stmt"/>
      <line num="33" count="4" type="stmt"/>
      <line num="37" count="1" type="stmt"/>
      <line num="38" count="1" type="stmt"/>
      <line num="42" count="7" type="stmt"/>
      <line num="43" count="10" type="stmt"/>
      <line num="45" count="7" type="stmt"/>
      <line num="49" count="4" type="stmt"/>
      <line num="53" count="1" type="stmt"/>
      <line num="57" count="3" type="stmt"/>
      <line num="58" count="3" type="stmt"/>
      <line num="60" count="3" type="stmt"/>
      <line num="64" count="3" type="stmt"/>
      <line num="68" count="4" type="stmt"/>
      <line num="72" count="1" type="stmt"/>
    </file>
  </project>
</coverage>
