{"/Users/stevencao/code/shopping_cart/src/Football.js": {"path":"/Users/stevencao/code/shopping_cart/src/Football.js","statementMap":{"0":{"start":{"line":5,"column":4},"end":{"line":5,"column":29}}},"fnMap":{"0":{"name":"(anonymous_0)","decl":{"start":{"line":4,"column":2},"end":{"line":4,"column":3}},"loc":{"start":{"line":4,"column":16},"end":{"line":6,"column":3}},"line":4}},"branchMap":{},"s":{"0":3},"f":{"0":3},"b":{},"_coverageSchema":"43e27e138ebf9cfc5966b082cf9a028302ed4184","hash":"0dc1bac09fc3284425a1d79eda725648c77119ff"}
,"/Users/stevencao/code/shopping_cart/src/Product.js": {"path":"/Users/stevencao/code/shopping_cart/src/Product.js","statementMap":{"0":{"start":{"line":3,"column":4},"end":{"line":3,"column":21}},"1":{"start":{"line":4,"column":4},"end":{"line":4,"column":31}}},"fnMap":{"0":{"name":"(anonymous_0)","decl":{"start":{"line":2,"column":2},"end":{"line":2,"column":3}},"loc":{"start":{"line":2,"column":31},"end":{"line":5,"column":3}},"line":2}},"branchMap":{},"s":{"0":4,"1":4},"f":{"0":4},"b":{},"_coverageSchema":"43e27e138ebf9cfc5966b082cf9a028302ed4184","hash":"7b0d2b9d3374c1efe849e86b051b63ca30f8139d"}
,"/Users/stevencao/code/shopping_cart/src/Robotics.js": {"path":"/Users/stevencao/code/shopping_cart/src/Robotics.js","statementMap":{"0":{"start":{"line":5,"column":4},"end":{"line":5,"column":29}}},"fnMap":{"0":{"name":"(anonymous_0)","decl":{"start":{"line":4,"column":2},"end":{"line":4,"column":3}},"loc":{"start":{"line":4,"column":16},"end":{"line":6,"column":3}},"line":4}},"branchMap":{},"s":{"0":1},"f":{"0":1},"b":{},"_coverageSchema":"43e27e138ebf9cfc5966b082cf9a028302ed4184","hash":"c1f98ec38c281ed63a013240c3beb027282c42fe"}
,"/Users/stevencao/code/shopping_cart/src/ShoppingCart.js": {"path":"/Users/stevencao/code/shopping_cart/src/ShoppingCart.js","statementMap":{"0":{"start":{"line":3,"column":4},"end":{"line":3,"column":20}},"1":{"start":{"line":4,"column":4},"end":{"line":4,"column":21}},"2":{"start":{"line":8,"column":4},"end":{"line":12,"column":5}},"3":{"start":{"line":9,"column":6},"end":{"line":9,"column":42}},"4":{"start":{"line":11,"column":6},"end":{"line":11,"column":38}},"5":{"start":{"line":16,"column":4},"end":{"line":20,"column":6}},"6":{"start":{"line":18,"column":8},"end":{"line":19,"column":54}},"7":{"start":{"line":24,"column":4},"end":{"line":24,"column":35}},"8":{"start":{"line":28,"column":17},"end":{"line":31,"column":5}},"9":{"start":{"line":33,"column":4},"end":{"line":33,"column":26}},"10":{"start":{"line":37,"column":17},"end":{"line":37,"column":38}},"11":{"start":{"line":38,"column":4},"end":{"line":38,"column":30}},"12":{"start":{"line":42,"column":20},"end":{"line":43,"column":52}},"13":{"start":{"line":43,"column":6},"end":{"line":43,"column":52}},"14":{"start":{"line":45,"column":4},"end":{"line":45,"column":41}},"15":{"start":{"line":49,"column":4},"end":{"line":49,"column":64}},"16":{"start":{"line":53,"column":4},"end":{"line":53,"column":50}},"17":{"start":{"line":57,"column":32},"end":{"line":57,"column":61}},"18":{"start":{"line":58,"column":22},"end":{"line":58,"column":41}},"19":{"start":{"line":60,"column":4},"end":{"line":60,"column":43}},"20":{"start":{"line":64,"column":4},"end":{"line":64,"column":51}},"21":{"start":{"line":68,"column":4},"end":{"line":68,"column":63}},"22":{"start":{"line":72,"column":4},"end":{"line":72,"column":27}}},"fnMap":{"0":{"name":"(anonymous_0)","decl":{"start":{"line":2,"column":2},"end":{"line":2,"column":3}},"loc":{"start":{"line":2,"column":16},"end":{"line":5,"column":3}},"line":2},"1":{"name":"(anonymous_1)","decl":{"start":{"line":7,"column":2},"end":{"line":7,"column":3}},"loc":{"start":{"line":7,"column":25},"end":{"line":13,"column":3}},"line":7},"2":{"name":"(anonymous_2)","decl":{"start":{"line":15,"column":2},"end":{"line":15,"column":3}},"loc":{"start":{"line":15,"column":19},"end":{"line":21,"column":3}},"line":15},"3":{"name":"(anonymous_3)","decl":{"start":{"line":17,"column":6},"end":{"line":17,"column":7}},"loc":{"start":{"line":18,"column":8},"end":{"line":19,"column":54}},"line":18},"4":{"name":"(anonymous_4)","decl":{"start":{"line":23,"column":2},"end":{"line":23,"column":3}},"loc":{"start":{"line":23,"column":20},"end":{"line":25,"column":3}},"line":23},"5":{"name":"(anonymous_5)","decl":{"start":{"line":27,"column":2},"end":{"line":27,"column":3}},"loc":{"start":{"line":27,"column":29},"end":{"line":34,"column":3}},"line":27},"6":{"name":"(anonymous_6)","decl":{"start":{"line":36,"column":2},"end":{"line":36,"column":3}},"loc":{"start":{"line":36,"column":33},"end":{"line":39,"column":3}},"line":36},"7":{"name":"(anonymous_7)","decl":{"start":{"line":41,"column":2},"end":{"line":41,"column":3}},"loc":{"start":{"line":41,"column":27},"end":{"line":46,"column":3}},"line":41},"8":{"name":"(anonymous_8)","decl":{"start":{"line":42,"column":20},"end":{"line":42,"column":21}},"loc":{"start":{"line":43,"column":6},"end":{"line":43,"column":52}},"line":43},"9":{"name":"(anonymous_9)","decl":{"start":{"line":48,"column":2},"end":{"line":48,"column":3}},"loc":{"start":{"line":48,"column":17},"end":{"line":50,"column":3}},"line":48},"10":{"name":"(anonymous_10)","decl":{"start":{"line":52,"column":2},"end":{"line":52,"column":3}},"loc":{"start":{"line":52,"column":26},"end":{"line":54,"column":3}},"line":52},"11":{"name":"(anonymous_11)","decl":{"start":{"line":56,"column":2},"end":{"line":56,"column":3}},"loc":{"start":{"line":56,"column":18},"end":{"line":61,"column":3}},"line":56},"12":{"name":"(anonymous_12)","decl":{"start":{"line":63,"column":2},"end":{"line":63,"column":3}},"loc":{"start":{"line":63,"column":27},"end":{"line":65,"column":3}},"line":63},"13":{"name":"(anonymous_13)","decl":{"start":{"line":67,"column":2},"end":{"line":67,"column":3}},"loc":{"start":{"line":67,"column":22},"end":{"line":69,"column":3}},"line":67},"14":{"name":"(anonymous_14)","decl":{"start":{"line":71,"column":2},"end":{"line":71,"column":3}},"loc":{"start":{"line":71,"column":22},"end":{"line":73,"column":3}},"line":71}},"branchMap":{"0":{"loc":{"start":{"line":8,"column":4},"end":{"line":12,"column":5}},"type":"if","locations":[{"start":{"line":8,"column":4},"end":{"line":12,"column":5}},{"start":{"line":8,"column":4},"end":{"line":12,"column":5}}],"line":8},"1":{"loc":{"start":{"line":18,"column":8},"end":{"line":19,"column":54}},"type":"binary-expr","locations":[{"start":{"line":18,"column":8},"end":{"line":18,"column":42}},{"start":{"line":19,"column":8},"end":{"line":19,"column":54}}],"line":18}},"s":{"0":3,"1":3,"2":5,"3":1,"4":4,"5":10,"6":8,"7":5,"8":4,"9":4,"10":1,"11":1,"12":7,"13":10,"14":7,"15":4,"16":1,"17":3,"18":3,"19":3,"20":3,"21":4,"22":1},"f":{"0":3,"1":5,"2":10,"3":8,"4":5,"5":4,"6":1,"7":7,"8":10,"9":4,"10":1,"11":3,"12":3,"13":4,"14":1},"b":{"0":[1,4],"1":[8,6]},"_coverageSchema":"43e27e138ebf9cfc5966b082cf9a028302ed4184","hash":"6dd0de51a7bcbcee1743023f2d789b36ac57f1ab"}
}
