TN:
SF:/Users/stevencao/code/shopping_cart/src/Football.js
FN:4,(anonymous_0)
FNF:1
FNH:1
FNDA:3,(anonymous_0)
DA:5,3
LF:1
LH:1
BRF:0
BRH:0
end_of_record
TN:
SF:/Users/stevencao/code/shopping_cart/src/Product.js
FN:2,(anonymous_0)
FNF:1
FNH:1
FNDA:4,(anonymous_0)
DA:3,4
DA:4,4
LF:2
LH:2
BRF:0
BRH:0
end_of_record
TN:
SF:/Users/stevencao/code/shopping_cart/src/Robotics.js
FN:4,(anonymous_0)
FNF:1
FNH:1
FNDA:1,(anonymous_0)
DA:5,1
LF:1
LH:1
BRF:0
BRH:0
end_of_record
TN:
SF:/Users/stevencao/code/shopping_cart/src/ShoppingCart.js
FN:2,(anonymous_0)
FN:7,(anonymous_1)
FN:15,(anonymous_2)
FN:17,(anonymous_3)
FN:23,(anonymous_4)
FN:27,(anonymous_5)
FN:36,(anonymous_6)
FN:41,(anonymous_7)
FN:42,(anonymous_8)
FN:48,(anonymous_9)
FN:52,(anonymous_10)
FN:56,(anonymous_11)
FN:63,(anonymous_12)
FN:67,(anonymous_13)
FN:71,(anonymous_14)
FNF:15
FNH:15
FNDA:3,(anonymous_0)
FNDA:5,(anonymous_1)
FNDA:10,(anonymous_2)
FNDA:8,(anonymous_3)
FNDA:5,(anonymous_4)
FNDA:4,(anonymous_5)
FNDA:1,(anonymous_6)
FNDA:7,(anonymous_7)
FNDA:10,(anonymous_8)
FNDA:4,(anonymous_9)
FNDA:1,(anonymous_10)
FNDA:3,(anonymous_11)
FNDA:3,(anonymous_12)
FNDA:4,(anonymous_13)
FNDA:1,(anonymous_14)
DA:3,3
DA:4,3
DA:8,5
DA:9,1
DA:11,4
DA:16,10
DA:18,8
DA:24,5
DA:28,4
DA:33,4
DA:37,1
DA:38,1
DA:42,7
DA:43,10
DA:45,7
DA:49,4
DA:53,1
DA:57,3
DA:58,3
DA:60,3
DA:64,3
DA:68,4
DA:72,1
LF:23
LH:23
BRDA:8,0,0,1
BRDA:8,0,1,4
BRDA:18,1,0,8
BRDA:18,1,1,6
BRF:4
BRH:4
end_of_record
